To https://github.com/DamodarGit/GoContacts.git
   68f5621..504224b  master -> master
capelit53646439:GoContacts ndamoda$ git log
commit 504224b71dce8b215b88df6695455256a6031005 (HEAD -> master, origin/master)
Author: NDAMODA <harman.damodar@daimler.com>
Date:   Mon Apr 29 05:45:58 2019 +0530

    added simple tes case

commit 68f562103133db00202125c127a88b7d3d46ab52
Author: NDAMODA <harman.damodar@daimler.com>
Date:   Mon Apr 29 05:28:43 2019 +0530

    updated images and UI for detail and list view

commit 90021aef8e0e0193c5af79c93cb08439d6dd35c0
Author: NDAMODA <harman.damodar@daimler.com>
Date:   Mon Apr 29 05:01:02 2019 +0530

    updated code for index table list

commit 57c3c89a0a9ba07269b42aa1ac4c34c3ddf93c18
Author: NDAMODA <harman.damodar@daimler.com>
Date:   Mon Apr 29 03:40:34 2019 +0530

    added indexed list and api calls for edit and addd contacts
:
